<?xml version="1.0" encoding="UTF-8"?>
<!-- Generated by org.testng.reporters.JUnitXMLReporter -->
<testsuite ignored="0" hostname="AjithNS" failures="0" tests="3" name="Test" time="57.184" errors="0" timestamp="01 Jul 2021 14:31:07 GMT">
  <testcase classname="endUserProfile.PWA_EndUserLogin" name="Login" time="39.183"/>
  <testcase classname="endUserProfile.PWA1_EndUserProfile" name="Profile" time="9.291"/>
  <testcase classname="endUserProfile.PWA2_EndUserEditProfile" name="EditProfile" time="8.474"/>
</testsuite> <!-- Test -->
